Build started 05.03.2016 9:35:12.
     1>Project "C:\Users\Ondřej Povolný\Desktop\VUT\BPC2E\Cvičení - programy\Visual Studio Projekty\BPC2E_C04A\BPC2E_C04A\BPC2E_C04A.vcxproj" on node 2 (build target(s)).
     1>InitializeBuildStatus:
         Touching "Debug\BPC2E_C04A.unsuccessfulbuild".
       GenerateTargetFrameworkMonikerAttribute:
       Skipping target "GenerateTargetFrameworkMonikerAttribute" because all output files are up-to-date with respect to the input files.
       ClCompile:
         All outputs are up-to-date.
         C:\Program Files (x86)\Microsoft Visual Studio 10.0\VC\bin\CL.exe /c /AI"C:\Program Files (x86)\Reference Assemblies\Microsoft\Framework\.NETFramework\v4.0" /Zi /clr:pure /nologo /W3 /WX- /Od /Oy- /D WIN32 /D _DEBUG /D _UNICODE /D UNICODE /EHa /MDd /GS /fp:precise /Zc:wchar_t /Zc:forScope /Yu"StdAfx.h" /Fp"Debug\BPC2E_C04A.pch" /Fo"Debug\\" /Fd"Debug\vc100.pdb" /TP /FU"C:\Program Files (x86)\Reference Assemblies\Microsoft\Framework\.NETFramework\v4.0\System.Core.dll" /FU"C:\Program Files (x86)\Reference Assemblies\Microsoft\Framework\.NETFramework\v4.0\System.Data.dll" /FU"C:\Program Files (x86)\Reference Assemblies\Microsoft\Framework\.NETFramework\v4.0\System.dll" /FU"C:\Program Files (x86)\Reference Assemblies\Microsoft\Framework\.NETFramework\v4.0\System.Drawing.dll" /FU"C:\Program Files (x86)\Reference Assemblies\Microsoft\Framework\.NETFramework\v4.0\System.Windows.Forms.dll" /FU"C:\Program Files (x86)\Reference Assemblies\Microsoft\Framework\.NETFramework\v4.0\System.Xml.dll" /analyze- /errorReport:prompt BPC2E_C04A.cpp /clr:nostdlib 
         BPC2E_C04A.cpp
     1>c:\users\ondřej povolný\desktop\vut\bpc2e\cvičení - programy\visual studio projekty\bpc2e_c04a\bpc2e_c04a\cmplx.h(5): error C2061: syntax error : identifier 'get_re_A'
     1>c:\users\ondřej povolný\desktop\vut\bpc2e\cvičení - programy\visual studio projekty\bpc2e_c04a\bpc2e_c04a\cmplx.h(5): error C2059: syntax error : ')'
     1>c:\users\ondřej povolný\desktop\vut\bpc2e\cvičení - programy\visual studio projekty\bpc2e_c04a\bpc2e_c04a\cmplx.h(5): error C2143: syntax error : missing ')' before ';'
     1>c:\users\ondřej povolný\desktop\vut\bpc2e\cvičení - programy\visual studio projekty\bpc2e_c04a\bpc2e_c04a\Form1.h(279): error C2660: 'c_add' : function does not take 6 arguments
     1>Done Building Project "C:\Users\Ondřej Povolný\Desktop\VUT\BPC2E\Cvičení - programy\Visual Studio Projekty\BPC2E_C04A\BPC2E_C04A\BPC2E_C04A.vcxproj" (build target(s)) -- FAILED.

Build FAILED.

Time Elapsed 00:00:00.75
